"GET /all/rss/ HTTP/1.1" 200 1707
====postDetail======
"GET / HTTP/1.1" 200 8725
"GET /static/blog/css/index.css HTTP/1.1" 304 0
"GET /post/1/ HTTP/1.1" 200 15640
"GET / HTTP/1.1" 200 8725
"GET / HTTP/1.1" 200 8725
"GET /post/1/ HTTP/1.1" 200 15640
"GET /post/1/ HTTP/1.1" 200 15640
"GET /all/rss/ HTTP/1.1" 200 1707
====comment====
"POST /comment/post/1/ HTTP/1.1" 302 0
"GET /post/1/ HTTP/1.1" 200 15973
INFO 2017-12-27 22:38:55,339 views 20484 123145444753408 ====postDetail======
INFO 2017-12-27 22:39:13,809 basehttp 20484 123145450008576 "GET / HTTP/1.1" 200 8725
INFO 2017-12-27 22:39:43,135 basehttp 20484 123145450008576 "GET /post/1/ HTTP/1.1" 200 15973
INFO 2017-12-27 22:39:55,062 views 20484 123145450008576 ====comment====
INFO 2017-12-27 22:39:55,063 basehttp 20484 123145450008576 "POST /comment/post/1/ HTTP/1.1" 302 0
INFO 2017-12-27 22:39:55,306 basehttp 20484 123145450008576 "GET /post/1/ HTTP/1.1" 200 16355
INFO 2017-12-27 22:41:00,702 basehttp 20484 123145450008576 "GET /all/rss/ HTTP/1.1" 200 1707
INFO 2017-12-27 22:46:00,697 basehttp 20484 123145450008576 "GET /all/rss/ HTTP/1.1" 200 1707
INFO 2017-12-27 22:50:34,657 views 20594 123145399689216 ====postDetail======
INFO 2017-12-27 22:50:41,803 basehttp 20594 123145404944384 "GET / HTTP/1.1" 200 8725
INFO 2017-12-27 22:50:46,188 basehttp 20594 123145404944384 "GET /logout/?next=/ HTTP/1.1" 302 0
INFO 2017-12-27 22:50:46,217 basehttp 20594 123145404944384 "GET / HTTP/1.1" 200 8755
INFO 2017-12-27 22:50:50,286 basehttp 20594 123145404944384 "GET /login/?next=/ HTTP/1.1" 200 1911
INFO 2017-12-27 22:50:52,946 basehttp 20594 123145404944384 "GET /password_reset/ HTTP/1.1" 200 1362
ERROR 2017-12-27 22:50:57,868 basehttp 20594 123145404944384 "POST /password_reset/ HTTP/1.1" 500 131111
INFO 2017-12-27 22:51:00,694 basehttp 20594 123145404944384 "GET /all/rss/ HTTP/1.1" 200 1707
INFO 2017-12-27 22:56:00,696 basehttp 20594 123145404944384 "GET /all/rss/ HTTP/1.1" 200 1707
